D:\FT-580_IQFACT_QCA99XX\IQFACT_QCA99XX\IQFACT_QCA99XX\RELEASE\ART2_TEST.OBJ
D:\FT-580_IQFACT_QCA99XX\IQFACT_QCA99XX\IQFACT_QCA99XX\RELEASE\ART2_TEST.SBR
D:\FT-580_IQFACT_QCA99XX\IQFACT_QCA99XX\IQFACT_QCA99XX\RELEASE\BTGETTARGETPOWER.OBJ
D:\FT-580_IQFACT_QCA99XX\IQFACT_QCA99XX\IQFACT_QCA99XX\RELEASE\BTGETTARGETPOWER.SBR
D:\FT-580_IQFACT_QCA99XX\IQFACT_QCA99XX\IQFACT_QCA99XX\RELEASE\BTINITIALIZE.OBJ
D:\FT-580_IQFACT_QCA99XX\IQFACT_QCA99XX\IQFACT_QCA99XX\RELEASE\BTINITIALIZE.SBR
D:\FT-580_IQFACT_QCA99XX\IQFACT_QCA99XX\IQFACT_QCA99XX\RELEASE\BTSTARTCONTMODULATEDTX.OBJ
D:\FT-580_IQFACT_QCA99XX\IQFACT_QCA99XX\IQFACT_QCA99XX\RELEASE\BTSTARTCONTMODULATEDTX.SBR
D:\FT-580_IQFACT_QCA99XX\IQFACT_QCA99XX\IQFACT_QCA99XX\RELEASE\BTSTARTFRAMEMODULATEDTX.OBJ
D:\FT-580_IQFACT_QCA99XX\IQFACT_QCA99XX\IQFACT_QCA99XX\RELEASE\BTSTARTFRAMEMODULATEDTX.SBR
D:\FT-580_IQFACT_QCA99XX\IQFACT_QCA99XX\IQFACT_QCA99XX\RELEASE\BTSTOPCONTMODULATEDTX.OBJ
D:\FT-580_IQFACT_QCA99XX\IQFACT_QCA99XX\IQFACT_QCA99XX\RELEASE\BTSTOPCONTMODULATEDTX.SBR
D:\FT-580_IQFACT_QCA99XX\IQFACT_QCA99XX\IQFACT_QCA99XX\RELEASE\BTSTOPFRAMEMODULATEDTX.OBJ
D:\FT-580_IQFACT_QCA99XX\IQFACT_QCA99XX\IQFACT_QCA99XX\RELEASE\BTSTOPFRAMEMODULATEDTX.SBR
D:\FT-580_IQFACT_QCA99XX\IQFACT_QCA99XX\IQFACT_QCA99XX\RELEASE\BTVERIFYTESTDATA.OBJ
D:\FT-580_IQFACT_QCA99XX\IQFACT_QCA99XX\IQFACT_QCA99XX\RELEASE\BTVERIFYTESTDATA.SBR
D:\FT-580_IQFACT_QCA99XX\IQFACT_QCA99XX\IQFACT_QCA99XX\RELEASE\BTWRITETESTDATA.OBJ
D:\FT-580_IQFACT_QCA99XX\IQFACT_QCA99XX\IQFACT_QCA99XX\RELEASE\BTWRITETESTDATA.SBR
D:\FT-580_IQfact_QCA99XX\IQfact_QCA99xx\IQfact_QCA99xx\Release\cl.command.1.tlog
D:\FT-580_IQfact_QCA99XX\IQfact_QCA99xx\IQfact_QCA99xx\Release\CL.read.1.tlog
D:\FT-580_IQfact_QCA99XX\IQfact_QCA99xx\IQfact_QCA99xx\Release\CL.write.1.tlog
D:\FT-580_IQFACT_QCA99XX\IQFACT_QCA99XX\IQFACT_QCA99XX\RELEASE\COMMFUNC.OBJ
D:\FT-580_IQFACT_QCA99XX\IQFACT_QCA99XX\IQFACT_QCA99XX\RELEASE\COMMFUNC.SBR
D:\FT-580_IQFACT_QCA99XX\IQFACT_QCA99XX\IQFACT_QCA99XX\RELEASE\IQFACT_QCA99XX.OBJ
D:\FT-580_IQFACT_QCA99XX\IQFACT_QCA99XX\IQFACT_QCA99XX\RELEASE\IQFACT_QCA99XX.PCH
D:\FT-580_IQFACT_QCA99XX\IQFACT_QCA99XX\IQFACT_QCA99XX\RELEASE\IQFACT_QCA99XX.RES
D:\FT-580_IQFACT_QCA99XX\IQFACT_QCA99XX\IQFACT_QCA99XX\RELEASE\IQFACT_QCA99XX.SBR
D:\FT-580_IQfact_QCA99XX\IQfact_QCA99xx\IQfact_QCA99xx\Release\IQfact_QCA99xx.write.1.tlog
D:\FT-580_IQFACT_QCA99XX\IQFACT_QCA99XX\IQFACT_QCA99XX\RELEASE\IQFACT_TEST.OBJ
D:\FT-580_IQFACT_QCA99XX\IQFACT_QCA99XX\IQFACT_QCA99XX\RELEASE\IQFACT_TEST.SBR
D:\FT-580_IQfact_QCA99XX\IQfact_QCA99xx\IQfact_QCA99xx\Release\link.command.1.tlog
D:\FT-580_IQfact_QCA99XX\IQfact_QCA99xx\IQfact_QCA99xx\Release\link.read.1.tlog
D:\FT-580_IQFACT_QCA99XX\IQFACT_QCA99XX\IQFACT_QCA99XX\RELEASE\LOADDUTREQUIRED.OBJ
D:\FT-580_IQFACT_QCA99XX\IQFACT_QCA99XX\IQFACT_QCA99XX\RELEASE\LOADDUTREQUIRED.SBR
D:\FT-580_IQFACT_QCA99XX\IQFACT_QCA99XX\IQFACT_QCA99XX\RELEASE\PARSERCABLELOSS.OBJ
D:\FT-580_IQFACT_QCA99XX\IQFACT_QCA99XX\IQFACT_QCA99XX\RELEASE\PARSERCABLELOSS.SBR
D:\FT-580_IQFACT_QCA99XX\IQFACT_QCA99XX\IQFACT_QCA99XX\RELEASE\PRELOADIMAGE.OBJ
D:\FT-580_IQFACT_QCA99XX\IQFACT_QCA99XX\IQFACT_QCA99XX\RELEASE\PRELOADIMAGE.SBR
D:\FT-580_IQfact_QCA99XX\IQfact_QCA99xx\IQfact_QCA99xx\Release\rc.command.1.tlog
D:\FT-580_IQfact_QCA99XX\IQfact_QCA99xx\IQfact_QCA99xx\Release\rc.read.1.tlog
D:\FT-580_IQfact_QCA99XX\IQfact_QCA99xx\IQfact_QCA99xx\Release\rc.write.1.tlog
D:\FT-580_IQFACT_QCA99XX\IQFACT_QCA99XX\IQFACT_QCA99XX\RELEASE\STARTCONTMODULATEDTX.OBJ
D:\FT-580_IQFACT_QCA99XX\IQFACT_QCA99XX\IQFACT_QCA99XX\RELEASE\STARTCONTMODULATEDTX.SBR
D:\FT-580_IQFACT_QCA99XX\IQFACT_QCA99XX\IQFACT_QCA99XX\RELEASE\STDAFX.OBJ
D:\FT-580_IQFACT_QCA99XX\IQFACT_QCA99XX\IQFACT_QCA99XX\RELEASE\STDAFX.SBR
D:\FT-580_IQFACT_QCA99XX\IQFACT_QCA99XX\IQFACT_QCA99XX\RELEASE\STOPCONTMODULATEDTX.OBJ
D:\FT-580_IQFACT_QCA99XX\IQFACT_QCA99XX\IQFACT_QCA99XX\RELEASE\STOPCONTMODULATEDTX.SBR
D:\FT-580_IQFACT_QCA99XX\IQFACT_QCA99XX\IQFACT_QCA99XX\RELEASE\VC100.PDB
D:\FT-580_IQFACT_QCA99XX\IQFACT_QCA99XX\IQFACT_QCA99XX\RELEASE\VERIFYTESTDATA.OBJ
D:\FT-580_IQFACT_QCA99XX\IQFACT_QCA99XX\IQFACT_QCA99XX\RELEASE\VERIFYTESTDATA.SBR
D:\FT-580_IQFACT_QCA99XX\IQFACT_QCA99XX\IQFACT_QCA99XX\RELEASE\WIFIINITIALIZE.OBJ
D:\FT-580_IQFACT_QCA99XX\IQFACT_QCA99XX\IQFACT_QCA99XX\RELEASE\WIFIINITIALIZE.SBR
D:\FT-580_IQFACT_QCA99XX\IQFACT_QCA99XX\IQFACT_QCA99XX\RELEASE\WIFITERMINATE.OBJ
D:\FT-580_IQFACT_QCA99XX\IQFACT_QCA99XX\IQFACT_QCA99XX\RELEASE\WIFITERMINATE.SBR
D:\FT-580_IQFACT_QCA99XX\IQFACT_QCA99XX\IQFACT_QCA99XX\RELEASE\WRITETESTDATA.OBJ
D:\FT-580_IQFACT_QCA99XX\IQFACT_QCA99XX\IQFACT_QCA99XX\RELEASE\WRITETESTDATA.SBR
